<html>
<body>
<pre>
<h1>Vision Build Log</h1>
<h2>Tool Versions:</h2>
IDE-Version: μVision V5.21.1.0
Copyright (C) 2016 ARM Ltd and ARM Germany GmbH. All rights reserved.
License Information: 11 1, 1, LIC=JDAJJ-UUHVD-RCIJZ-JVZQ2-KFD81-W0IPF
 
Tool Versions:
Toolchain:       MDK-ARM Professional  Version: 5.21a
Toolchain Path:  D:\keil\ARM\ARMCC\Bin
C Compiler:      Armcc.exe V5.06 update 3 (build 300)
Assembler:       Armasm.exe V5.06 update 3 (build 300)
Linker/Locator:  ArmLink.exe V5.06 update 3 (build 300)
Library Manager: ArmAr.exe V5.06 update 3 (build 300)
Hex Converter:   FromElf.exe V5.06 update 3 (build 300)
CPU DLL:         SARMCM3.DLL V5.21a
Dialog DLL:      DCM.DLL V1.13.8.0
Target DLL:      STLink\ST-LINKIII-KEIL_SWO.dll V2.0.18.0
Dialog DLL:      TCM.DLL V1.14.14.0
 
<h2>Project:</h2>
C:\Users\HP\Desktop\last1\USER\EDP.uvprojx
Project File Date:  05/18/2019

<h2>Output:</h2>
*** Using Compiler 'V5.06 update 3 (build 300)', folder: 'D:\keil\ARM\ARMCC\Bin'
Rebuild target '接收端'
compiling system_stm32f10x.c...
compiling stm32f10x_it.c...
compiling main.c...
main.c(87): error:  #165: too few arguments in function call
  					OneNet_SendData(1,temperature,humidity);  //??平台发??1
main.c(94): error:  #165: too few arguments in function call
  					OneNet_SendData(0,temperature,humidity);  //??平台发??0
main.c(52): warning:  #550-D: variable "fire" was set but never used
  	u8 fire;//定?寤???
main.c: 1 warning, 2 errors
assembling startup_stm32f10x_hd.s...
compiling core_cm3.c...
compiling misc.c...
compiling stm32f10x_exti.c...
compiling stm32f10x_gpio.c...
compiling stm32f10x_rcc.c...
compiling stm32f10x_usart.c...
compiling stm32f10x_tim.c...
compiling dht11.c...
compiling car.c...
compiling OLED_IIC.c...
compiling fire.c...
compiling led.c...
compiling delay.c...
compiling sys.c...
compiling usart.c...
compiling esp8266.c...
compiling EdpKit.c...
compiling Tim.c...
compiling onenet.c...
".\Objects\接收端.axf" - 2 Error(s), 1 Warning(s).

<h2>Collection of Component include folders:</h2>
  C:\Users\HP\Desktop\last1\USER\RTE
  D:\keil\ARM\PACK\Keil\STM32F1xx_DFP\2.2.0\Device\Include

<h2>Collection of Component Files used:</h2>
Target not created.
Build Time Elapsed:  00:00:07
</pre>
</body>
</html>
